<?xml version="1.0" encoding="UTF-8"?>
<!-- Generated by org.testng.reporters.JUnitReportReporter -->
<testsuite hostname="nisarga" failures="0" tests="1" name="pages.Utils" time="0.006" errors="0" timestamp="2024-02-05T14:13:43 EST" skipped="0">
  <testcase classname="pages.Utils" name="sampleTest" time="0.006"/>
</testsuite> <!-- pages.Utils -->
