<?xml version="1.0" encoding="UTF-8"?>
<!-- Generated by org.testng.reporters.JUnitReportReporter -->
<testsuite hostname="nisarga" failures="0" tests="2" name="tests.TestPlayer" time="18.260" errors="0" timestamp="2024-02-05T20:36:25 EST" skipped="0">
  <testcase classname="tests.TestPlayer" name="sampleTest" time="0.007"/>
  <testcase classname="tests.TestPlayer" name="testWelcomeScreen" time="18.253"/>
</testsuite> <!-- tests.TestPlayer -->
