<?xml version="1.0" encoding="UTF-8"?>
<!-- Generated by org.testng.reporters.JUnitReportReporter -->
<testsuite hostname="nisarga" failures="0" tests="1" name="pages.Leagues" time="0.011" errors="0" timestamp="2024-02-06T00:03:21 EST" skipped="0">
  <testcase classname="pages.Leagues" name="sampleTest" time="0.011"/>
</testsuite> <!-- pages.Leagues -->
