<?xml version="1.0" encoding="UTF-8"?>
<!-- Generated by org.testng.reporters.JUnitReportReporter -->
<testsuite hostname="nisarga" failures="0" tests="1" name="pages.WelcomeScreenActions" time="0.012" errors="0" timestamp="2024-02-05T00:40:32 EST" skipped="0">
  <testcase classname="pages.WelcomeScreenActions" name="sampleTest" time="0.012"/>
</testsuite> <!-- pages.WelcomeScreenActions -->
