<?xml version="1.0" encoding="UTF-8"?>
<!-- Generated by org.testng.reporters.JUnitReportReporter -->
<testsuite hostname="nisarga" failures="0" tests="1" name="tests.TestPlayer" time="27.772" errors="0" timestamp="2024-02-06T17:43:29 EST" skipped="0">
  <testcase classname="tests.TestPlayer" name="testWelcomeScreen" time="27.772"/>
</testsuite> <!-- tests.TestPlayer -->
