<?xml version="1.0" encoding="UTF-8"?>
<!-- Generated by org.testng.reporters.JUnitReportReporter -->
<testsuite hostname="nisarga" failures="0" tests="2" name="tests.TestPlayer" time="3.432" errors="0" timestamp="2024-02-05T09:24:12 EST" skipped="0">
  <testcase classname="tests.TestPlayer" name="testWelcomeScreen" time="3.424"/>
  <testcase classname="tests.TestPlayer" name="sampleTest" time="0.008"/>
</testsuite> <!-- tests.TestPlayer -->
