<?xml version="1.0" encoding="UTF-8"?>
<!-- Generated by org.testng.reporters.JUnitReportReporter -->
<testsuite hostname="nisarga" failures="0" tests="1" name="tests.TestPlayer" time="35.238" errors="0" timestamp="2024-02-06T20:58:48 EST" skipped="0">
  <testcase classname="tests.TestPlayer" name="testTeamNameInStandingsTab" time="35.238"/>
</testsuite> <!-- tests.TestPlayer -->
