<?xml version="1.0" encoding="UTF-8"?>
<!-- Generated by org.testng.reporters.JUnitReportReporter -->
<testsuite hostname="nisarga" failures="0" tests="2" name="tests.TestPlayer" time="21.695" errors="0" timestamp="2024-02-05T17:40:27 EST" skipped="0">
  <testcase classname="tests.TestPlayer" name="testWelcomeScreen" time="21.688"/>
  <testcase classname="tests.TestPlayer" name="sampleTest" time="0.007"/>
</testsuite> <!-- tests.TestPlayer -->
