<?xml version="1.0" encoding="UTF-8"?>
<!-- Generated by org.testng.reporters.JUnitReportReporter -->
<testsuite hostname="nisarga" failures="0" tests="1" name="tests.TestPlayer" time="26.713" errors="0" timestamp="2024-02-06T17:25:53 EST" skipped="0">
  <testcase classname="tests.TestPlayer" name="testWelcomeScreen" time="26.713"/>
</testsuite> <!-- tests.TestPlayer -->
