<?xml version="1.0" encoding="UTF-8"?>
<!-- Generated by org.testng.reporters.JUnitReportReporter -->
<testsuite hostname="nisarga" failures="0" tests="2" name="tests.TestWelcomPage" time="2.535" errors="0" timestamp="2024-02-04T23:16:58 EST" skipped="0">
  <testcase classname="tests.TestWelcomPage" name="testWelcomeScreen" time="2.527"/>
  <testcase classname="tests.TestWelcomPage" name="sampleTest" time="0.008"/>
</testsuite> <!-- tests.TestWelcomPage -->
