<?xml version="1.0" encoding="UTF-8"?>
<!-- Generated by org.testng.reporters.JUnitReportReporter -->
<testsuite hostname="nisarga" failures="0" tests="1" name="tests.TestPlayer" time="31.245" errors="0" timestamp="2024-02-06T20:09:38 EST" skipped="0">
  <testcase classname="tests.TestPlayer" name="testTeamNameInStandingsTab" time="31.245"/>
</testsuite> <!-- tests.TestPlayer -->
